(10000)
1 (2008)
3 (938)
5 (1270)
8 (8721)
18 (1968)
20 (514)
22 (1160)
24 (834)
29 (947)
37 (1249)
129 (1548)
134 (2049)
173 (878)
241 (4575)
394 (554)
398 (1673)
429 (517)
550 (683)
567 (506)
628 (716)
630 (706)
633 (1929)
646 (689)
951 (888)
2301 (1171)
2302 (1171)
2303 (670)
2318 (1171)
241 567 (511)
8 567 (503)
20 37 (599)
8 394 (554)
2301 2303 (670)
2302 2303 (670)
2303 2318 (669)
8 2303 (670)
241 550 (687)
8 550 (687)
630 646 (688)
628 646 (688)
241 646 (688)
8 646 (688)
628 630 (688)
241 630 (689)
8 630 (707)
241 628 (742)
8 628 (689)
8 24 (698)
8 173 (720)
8 951 (795)
3 8 (755)
8 22 (901)
2301 2302 (1171)
2301 2318 (1170)
18 2301 (539)
134 2301 (613)
8 2301 (1171)
2302 2318 (1170)
18 2302 (539)
134 2302 (613)
8 2302 (1171)
18 2318 (540)
134 2318 (613)
8 2318 (1171)
18 37 (783)
1 37 (714)
8 37 (1120)
5 8 (1164)
129 241 (896)
8 129 (1388)
398 633 (803)
241 398 (1705)
8 398 (1678)
241 633 (1994)
8 633 (1920)
1 18 (515)
18 134 (667)
8 18 (1728)
1 134 (568)
1 8 (1609)
8 134 (1773)
241 (910)
8 241 (4420)
2301 2302 2303 (542)
2301 2303 2318 (541)
8 2301 2303 (542)
2302 2303 2318 (541)
8 2302 2303 (542)
8 2303 2318 (541)
8 241 550 (651)
628 630 646 (688)
241 630 646 (688)
8 630 646 (688)
241 628 646 (688)
8 628 646 (688)
8 241 646 (688)
241 628 630 (688)
8 628 630 (688)
8 241 630 (689)
8 241 628 (688)
2301 2302 2318 (1170)
134 2301 2302 (514)
8 2301 2302 (1171)
134 2301 2318 (514)
8 2301 2318 (1170)
8 134 2301 (514)
134 2302 2318 (514)
8 2302 2318 (1170)
8 134 2302 (514)
8 134 2318 (514)
8 129 241 (720)
241 398 633 (778)
8 398 633 (798)
8 241 398 (1591)
8 241 633 (1861)
2301 2302 2303 2318 (541)
8 2301 2302 2303 (542)
8 2301 2303 2318 (541)
8 2302 2303 2318 (541)
241 628 630 646 (688)
8 628 630 646 (688)
8 241 630 646 (688)
8 241 628 646 (688)
8 241 628 630 (688)
134 2301 2302 2318 (514)
8 2301 2302 2318 (1170)
8 134 2301 2302 (514)
8 134 2301 2318 (514)
8 134 2302 2318 (514)
8 241 398 633 (778)
8 2301 2302 2303 2318 (541)
8 241 628 630 646 (688)
8 134 2301 2302 2318 (514)
